
-----
Test: tests/test_google_maps_api.py::Test_create_place::test_create_nae_place (call)
Time: 2023-07-07 16:51:32.530377
Request method: POST
Request URL: https://rahulshettyacademy.com/maps/api/place/add/json?key=qaclick123

Response code: 200Response text: {"status":"OK","place_id":"7b8fd68a77874838f05411eae1d995e0","scope":"APP","reference":"626d6974142eb82235834598e81a0cc4626d6974142eb82235834598e81a0cc4","id":"626d6974142eb82235834598e81a0cc4"}Response headers: {'Date': 'Fri, 07 Jul 2023 11:51:31 GMT', 'Server': 'Apache/2.4.52 (Ubuntu)', 'Access-Control-Allow-Origin': '*', 'Access-Control-Allow-Methods': 'POST', 'Access-Control-Max-Age': '3600', 'Access-Control-Allow-Headers': 'Content-Type, Access-Control-Allow-Headers, Authorization, X-Requested-With', 'Content-Length': '194', 'Keep-Alive': 'timeout=5, max=100', 'Connection': 'Keep-Alive', 'Content-Type': 'application/json;charset=UTF-8'}Response cookies: {}
-----

-----
Test: tests/test_google_maps_api.py::Test_create_place::test_create_nae_place (call)
Time: 2023-07-07 16:51:33.109815
Request method: GET
Request URL: https://rahulshettyacademy.com/maps/api/place/get/json?key=qaclick123&place_id=7b8fd68a77874838f05411eae1d995e0

Response code: 200Response text: {"location":{"latitude":"-38.383494","longitude":"33.427362"},"accuracy":"50","name":"Frontline house","phone_number":"(+91) 983 893 3937","address":"29, side layout, cohen 09","types":"shoe park,shop","website":"http:\/\/google.com","language":"French-IN"}Response headers: {'Date': 'Fri, 07 Jul 2023 11:51:32 GMT', 'Server': 'Apache/2.4.52 (Ubuntu)', 'Access-Control-Allow-Origin': '*', 'Access-Control-Allow-Methods': 'POST', 'Access-Control-Max-Age': '3600', 'Access-Control-Allow-Headers': 'Content-Type, Access-Control-Allow-Headers, Authorization, X-Requested-With', 'Content-Length': '257', 'Keep-Alive': 'timeout=5, max=100', 'Connection': 'Keep-Alive', 'Content-Type': 'application/json;charset=UTF-8'}Response cookies: {}
-----

-----
Test: tests/test_google_maps_api.py::Test_create_place::test_create_nae_place (call)
Time: 2023-07-07 16:51:33.821446
Request method: PUT
Request URL: https://rahulshettyacademy.com/maps/api/place/update/json?key=qaclick123

Response code: 200Response text: {"msg":"Address successfully updated"}Response headers: {'Date': 'Fri, 07 Jul 2023 11:51:33 GMT', 'Server': 'Apache/2.4.52 (Ubuntu)', 'Access-Control-Allow-Origin': '*', 'Access-Control-Allow-Methods': 'POST', 'Access-Control-Max-Age': '3600', 'Access-Control-Allow-Headers': 'Content-Type, Access-Control-Allow-Headers, Authorization, X-Requested-With', 'Content-Length': '38', 'Keep-Alive': 'timeout=5, max=100', 'Connection': 'Keep-Alive', 'Content-Type': 'application/json;charset=UTF-8'}Response cookies: {}
-----

-----
Test: tests/test_google_maps_api.py::Test_create_place::test_create_nae_place (call)
Time: 2023-07-07 16:51:34.584145
Request method: GET
Request URL: https://rahulshettyacademy.com/maps/api/place/get/json?key=qaclick123&place_id=7b8fd68a77874838f05411eae1d995e0

Response code: 200Response text: {"location":{"latitude":"-38.383494","longitude":"33.427362"},"accuracy":"50","name":"Frontline house","phone_number":"(+91) 983 893 3937","address":"100 Lenina street, RU","types":"shoe park,shop","website":"http:\/\/google.com","language":"French-IN"}Response headers: {'Date': 'Fri, 07 Jul 2023 11:51:34 GMT', 'Server': 'Apache/2.4.52 (Ubuntu)', 'Access-Control-Allow-Origin': '*', 'Access-Control-Allow-Methods': 'POST', 'Access-Control-Max-Age': '3600', 'Access-Control-Allow-Headers': 'Content-Type, Access-Control-Allow-Headers, Authorization, X-Requested-With', 'Content-Length': '253', 'Keep-Alive': 'timeout=5, max=100', 'Connection': 'Keep-Alive', 'Content-Type': 'application/json;charset=UTF-8'}Response cookies: {}
-----

-----
Test: tests/test_google_maps_api.py::Test_create_place::test_create_nae_place (call)
Time: 2023-07-07 16:51:35.378783
Request method: PUT
Request URL: https://rahulshettyacademy.com/maps/api/place/delete/json?key=qaclick123

Response code: 200Response text: {"status":"OK"}Response headers: {'Date': 'Fri, 07 Jul 2023 11:51:34 GMT', 'Server': 'Apache/2.4.52 (Ubuntu)', 'Access-Control-Allow-Origin': '*', 'Access-Control-Allow-Methods': 'POST', 'Access-Control-Max-Age': '3600', 'Access-Control-Allow-Headers': 'Content-Type, Access-Control-Allow-Headers, Authorization, X-Requested-With', 'Content-Length': '15', 'Keep-Alive': 'timeout=5, max=100', 'Connection': 'Keep-Alive', 'Content-Type': 'application/json;charset=UTF-8'}Response cookies: {}
-----

-----
Test: tests/test_google_maps_api.py::Test_create_place::test_create_nae_place (call)
Time: 2023-07-07 16:51:36.296357
Request method: GET
Request URL: https://rahulshettyacademy.com/maps/api/place/get/json?key=qaclick123&place_id=7b8fd68a77874838f05411eae1d995e0

Response code: 404Response text: {"msg":"Get operation failed, looks like place_id  doesn't exists"}Response headers: {'Date': 'Fri, 07 Jul 2023 11:51:35 GMT', 'Server': 'Apache/2.4.52 (Ubuntu)', 'Access-Control-Allow-Origin': '*', 'Access-Control-Allow-Methods': 'POST', 'Access-Control-Max-Age': '3600', 'Access-Control-Allow-Headers': 'Content-Type, Access-Control-Allow-Headers, Authorization, X-Requested-With', 'Content-Length': '67', 'Keep-Alive': 'timeout=5, max=100', 'Connection': 'Keep-Alive', 'Content-Type': 'application/json;charset=UTF-8'}Response cookies: {}
-----
