
-----
Test: None 
Time: 2023-06-16 18:40:33.560861 
Request method: POST 
Request URL: https://rahulshettyacademy.com/maps/api/place/add/json?key=qaclick123 

Response code: 200Response text: {"status":"OK","place_id":"127d754b1444cc0a256a82b78d22f005","scope":"APP","reference":"9f0d63654d224e3dc25a48461a659f689f0d63654d224e3dc25a48461a659f68","id":"9f0d63654d224e3dc25a48461a659f68"}Response headers: {'Date': 'Fri, 16 Jun 2023 13:40:32 GMT', 'Server': 'Apache/2.4.52 (Ubuntu)', 'Access-Control-Allow-Origin': '*', 'Access-Control-Allow-Methods': 'POST', 'Access-Control-Max-Age': '3600', 'Access-Control-Allow-Headers': 'Content-Type, Access-Control-Allow-Headers, Authorization, X-Requested-With', 'Content-Length': '194', 'Keep-Alive': 'timeout=5, max=100', 'Connection': 'Keep-Alive', 'Content-Type': 'application/json;charset=UTF-8'}Response cookies: {}
-----

-----
Test: None 
Time: 2023-06-16 18:40:34.368175 
Request method: GET 
Request URL: https://rahulshettyacademy.com/maps/api/place/get/json?key=qaclick123&place_id=127d754b1444cc0a256a82b78d22f005 

Response code: 200Response text: {"location":{"latitude":"-38.383494","longitude":"33.427362"},"accuracy":"50","name":"Frontline house","phone_number":"(+91) 983 893 3937","address":"29, side layout, cohen 09","types":"shoe park,shop","website":"http:\/\/google.com","language":"French-IN"}Response headers: {'Date': 'Fri, 16 Jun 2023 13:40:33 GMT', 'Server': 'Apache/2.4.52 (Ubuntu)', 'Access-Control-Allow-Origin': '*', 'Access-Control-Allow-Methods': 'POST', 'Access-Control-Max-Age': '3600', 'Access-Control-Allow-Headers': 'Content-Type, Access-Control-Allow-Headers, Authorization, X-Requested-With', 'Content-Length': '257', 'Keep-Alive': 'timeout=5, max=100', 'Connection': 'Keep-Alive', 'Content-Type': 'application/json;charset=UTF-8'}Response cookies: {}
-----

-----
Test: None 
Time: 2023-06-16 18:40:35.058613 
Request method: PUT 
Request URL: https://rahulshettyacademy.com/maps/api/place/update/json?key=qaclick123 

Response code: 200Response text: {"msg":"Address successfully updated"}Response headers: {'Date': 'Fri, 16 Jun 2023 13:40:34 GMT', 'Server': 'Apache/2.4.52 (Ubuntu)', 'Access-Control-Allow-Origin': '*', 'Access-Control-Allow-Methods': 'POST', 'Access-Control-Max-Age': '3600', 'Access-Control-Allow-Headers': 'Content-Type, Access-Control-Allow-Headers, Authorization, X-Requested-With', 'Content-Length': '38', 'Keep-Alive': 'timeout=5, max=100', 'Connection': 'Keep-Alive', 'Content-Type': 'application/json;charset=UTF-8'}Response cookies: {}
-----

-----
Test: None 
Time: 2023-06-16 18:40:35.774212 
Request method: GET 
Request URL: https://rahulshettyacademy.com/maps/api/place/get/json?key=qaclick123&place_id=127d754b1444cc0a256a82b78d22f005 

Response code: 200Response text: {"location":{"latitude":"-38.383494","longitude":"33.427362"},"accuracy":"50","name":"Frontline house","phone_number":"(+91) 983 893 3937","address":"100 Lenina street, RU","types":"shoe park,shop","website":"http:\/\/google.com","language":"French-IN"}Response headers: {'Date': 'Fri, 16 Jun 2023 13:40:35 GMT', 'Server': 'Apache/2.4.52 (Ubuntu)', 'Access-Control-Allow-Origin': '*', 'Access-Control-Allow-Methods': 'POST', 'Access-Control-Max-Age': '3600', 'Access-Control-Allow-Headers': 'Content-Type, Access-Control-Allow-Headers, Authorization, X-Requested-With', 'Content-Length': '253', 'Keep-Alive': 'timeout=5, max=100', 'Connection': 'Keep-Alive', 'Content-Type': 'application/json;charset=UTF-8'}Response cookies: {}
-----

-----
Test: None 
Time: 2023-06-16 18:40:36.469656 
Request method: PUT 
Request URL: https://rahulshettyacademy.com/maps/api/place/delete/json?key=qaclick123 

Response code: 200Response text: {"status":"OK"}Response headers: {'Date': 'Fri, 16 Jun 2023 13:40:37 GMT', 'Server': 'Apache/2.4.52 (Ubuntu)', 'Access-Control-Allow-Origin': '*', 'Access-Control-Allow-Methods': 'POST', 'Access-Control-Max-Age': '3600', 'Access-Control-Allow-Headers': 'Content-Type, Access-Control-Allow-Headers, Authorization, X-Requested-With', 'Content-Length': '15', 'Keep-Alive': 'timeout=5, max=100', 'Connection': 'Keep-Alive', 'Content-Type': 'application/json;charset=UTF-8'}Response cookies: {}
-----

-----
Test: None 
Time: 2023-06-16 18:40:38.917741 
Request method: GET 
Request URL: https://rahulshettyacademy.com/maps/api/place/get/json?key=qaclick123&place_id=127d754b1444cc0a256a82b78d22f005 

Response code: 404Response text: {"msg":"Get operation failed, looks like place_id  doesn't exists"}Response headers: {'Date': 'Fri, 16 Jun 2023 13:40:38 GMT', 'Server': 'Apache/2.4.52 (Ubuntu)', 'Access-Control-Allow-Origin': '*', 'Access-Control-Allow-Methods': 'POST', 'Access-Control-Max-Age': '3600', 'Access-Control-Allow-Headers': 'Content-Type, Access-Control-Allow-Headers, Authorization, X-Requested-With', 'Content-Length': '67', 'Keep-Alive': 'timeout=5, max=100', 'Connection': 'Keep-Alive', 'Content-Type': 'application/json;charset=UTF-8'}Response cookies: {}
-----
