
-----
Test: None 
Time: 2023-06-16 19:24:44.007935 
Request method: POST 
Request URL: https://rahulshettyacademy.com/maps/api/place/add/json?key=qaclick123 

Response code: 200Response text: {"status":"OK","place_id":"c9c17c1da96922e3972d26bdc6af2ca7","scope":"APP","reference":"ed86f661c43fe2ec238bc4a8314d2f41ed86f661c43fe2ec238bc4a8314d2f41","id":"ed86f661c43fe2ec238bc4a8314d2f41"}Response headers: {'Date': 'Fri, 16 Jun 2023 14:24:44 GMT', 'Server': 'Apache/2.4.52 (Ubuntu)', 'Access-Control-Allow-Origin': '*', 'Access-Control-Allow-Methods': 'POST', 'Access-Control-Max-Age': '3600', 'Access-Control-Allow-Headers': 'Content-Type, Access-Control-Allow-Headers, Authorization, X-Requested-With', 'Content-Length': '194', 'Keep-Alive': 'timeout=5, max=100', 'Connection': 'Keep-Alive', 'Content-Type': 'application/json;charset=UTF-8'}Response cookies: {}
-----

-----
Test: None 
Time: 2023-06-16 19:24:44.955880 
Request method: GET 
Request URL: https://rahulshettyacademy.com/maps/api/place/get/json?key=qaclick123&place_id=c9c17c1da96922e3972d26bdc6af2ca7 

Response code: 200Response text: {"location":{"latitude":"-38.383494","longitude":"33.427362"},"accuracy":"50","name":"Frontline house","phone_number":"(+91) 983 893 3937","address":"29, side layout, cohen 09","types":"shoe park,shop","website":"http:\/\/google.com","language":"French-IN"}Response headers: {'Date': 'Fri, 16 Jun 2023 14:24:45 GMT', 'Server': 'Apache/2.4.52 (Ubuntu)', 'Access-Control-Allow-Origin': '*', 'Access-Control-Allow-Methods': 'POST', 'Access-Control-Max-Age': '3600', 'Access-Control-Allow-Headers': 'Content-Type, Access-Control-Allow-Headers, Authorization, X-Requested-With', 'Content-Length': '257', 'Keep-Alive': 'timeout=5, max=100', 'Connection': 'Keep-Alive', 'Content-Type': 'application/json;charset=UTF-8'}Response cookies: {}
-----

-----
Test: None 
Time: 2023-06-16 19:24:45.653394 
Request method: PUT 
Request URL: https://rahulshettyacademy.com/maps/api/place/update/json?key=qaclick123 

Response code: 200Response text: {"msg":"Address successfully updated"}Response headers: {'Date': 'Fri, 16 Jun 2023 14:24:46 GMT', 'Server': 'Apache/2.4.52 (Ubuntu)', 'Access-Control-Allow-Origin': '*', 'Access-Control-Allow-Methods': 'POST', 'Access-Control-Max-Age': '3600', 'Access-Control-Allow-Headers': 'Content-Type, Access-Control-Allow-Headers, Authorization, X-Requested-With', 'Content-Length': '38', 'Keep-Alive': 'timeout=5, max=100', 'Connection': 'Keep-Alive', 'Content-Type': 'application/json;charset=UTF-8'}Response cookies: {}
-----

-----
Test: None 
Time: 2023-06-16 19:24:46.392332 
Request method: GET 
Request URL: https://rahulshettyacademy.com/maps/api/place/get/json?key=qaclick123&place_id=c9c17c1da96922e3972d26bdc6af2ca7 

Response code: 200Response text: {"location":{"latitude":"-38.383494","longitude":"33.427362"},"accuracy":"50","name":"Frontline house","phone_number":"(+91) 983 893 3937","address":"100 Lenina street, RU","types":"shoe park,shop","website":"http:\/\/google.com","language":"French-IN"}Response headers: {'Date': 'Fri, 16 Jun 2023 14:24:47 GMT', 'Server': 'Apache/2.4.52 (Ubuntu)', 'Access-Control-Allow-Origin': '*', 'Access-Control-Allow-Methods': 'POST', 'Access-Control-Max-Age': '3600', 'Access-Control-Allow-Headers': 'Content-Type, Access-Control-Allow-Headers, Authorization, X-Requested-With', 'Content-Length': '253', 'Keep-Alive': 'timeout=5, max=100', 'Connection': 'Keep-Alive', 'Content-Type': 'application/json;charset=UTF-8'}Response cookies: {}
-----

-----
Test: None 
Time: 2023-06-16 19:24:47.086441 
Request method: PUT 
Request URL: https://rahulshettyacademy.com/maps/api/place/delete/json?key=qaclick123 

Response code: 200Response text: {"status":"OK"}Response headers: {'Date': 'Fri, 16 Jun 2023 14:24:47 GMT', 'Server': 'Apache/2.4.52 (Ubuntu)', 'Access-Control-Allow-Origin': '*', 'Access-Control-Allow-Methods': 'POST', 'Access-Control-Max-Age': '3600', 'Access-Control-Allow-Headers': 'Content-Type, Access-Control-Allow-Headers, Authorization, X-Requested-With', 'Content-Length': '15', 'Keep-Alive': 'timeout=5, max=100', 'Connection': 'Keep-Alive', 'Content-Type': 'application/json;charset=UTF-8'}Response cookies: {}
-----

-----
Test: None 
Time: 2023-06-16 19:24:47.816988 
Request method: GET 
Request URL: https://rahulshettyacademy.com/maps/api/place/get/json?key=qaclick123&place_id=c9c17c1da96922e3972d26bdc6af2ca7 

Response code: 404Response text: {"msg":"Get operation failed, looks like place_id  doesn't exists"}Response headers: {'Date': 'Fri, 16 Jun 2023 14:24:48 GMT', 'Server': 'Apache/2.4.52 (Ubuntu)', 'Access-Control-Allow-Origin': '*', 'Access-Control-Allow-Methods': 'POST', 'Access-Control-Max-Age': '3600', 'Access-Control-Allow-Headers': 'Content-Type, Access-Control-Allow-Headers, Authorization, X-Requested-With', 'Content-Length': '67', 'Keep-Alive': 'timeout=5, max=100', 'Connection': 'Keep-Alive', 'Content-Type': 'application/json;charset=UTF-8'}Response cookies: {}
-----
