
-----
Test: None 
Time: 2023-06-16 18:29:04.619089 
Request method: POST 
Request URL: https://rahulshettyacademy.com/maps/api/place/add/json?key=qaclick123 

Response code: 200Response text: {"status":"OK","place_id":"a45f1a65196c54c0b7dc678c08e2dc54","scope":"APP","reference":"5f8b0f241909c9776708f559f8950f035f8b0f241909c9776708f559f8950f03","id":"5f8b0f241909c9776708f559f8950f03"}Response headers: {'Date': 'Fri, 16 Jun 2023 13:29:04 GMT', 'Server': 'Apache/2.4.52 (Ubuntu)', 'Access-Control-Allow-Origin': '*', 'Access-Control-Allow-Methods': 'POST', 'Access-Control-Max-Age': '3600', 'Access-Control-Allow-Headers': 'Content-Type, Access-Control-Allow-Headers, Authorization, X-Requested-With', 'Content-Length': '194', 'Keep-Alive': 'timeout=5, max=100', 'Connection': 'Keep-Alive', 'Content-Type': 'application/json;charset=UTF-8'}Response cookies: {}
-----

-----
Test: None 
Time: 2023-06-16 18:29:05.536173 
Request method: GET 
Request URL: https://rahulshettyacademy.com/maps/api/place/get/json?key=qaclick123&place_id=a45f1a65196c54c0b7dc678c08e2dc54 

Response code: 200Response text: {"location":{"latitude":"-38.383494","longitude":"33.427362"},"accuracy":"50","name":"Frontline house","phone_number":"(+91) 983 893 3937","address":"29, side layout, cohen 09","types":"shoe park,shop","website":"http:\/\/google.com","language":"French-IN"}Response headers: {'Date': 'Fri, 16 Jun 2023 13:29:04 GMT', 'Server': 'Apache/2.4.52 (Ubuntu)', 'Access-Control-Allow-Origin': '*', 'Access-Control-Allow-Methods': 'POST', 'Access-Control-Max-Age': '3600', 'Access-Control-Allow-Headers': 'Content-Type, Access-Control-Allow-Headers, Authorization, X-Requested-With', 'Content-Length': '257', 'Keep-Alive': 'timeout=5, max=100', 'Connection': 'Keep-Alive', 'Content-Type': 'application/json;charset=UTF-8'}Response cookies: {}
-----

-----
Test: None 
Time: 2023-06-16 18:29:06.256556 
Request method: PUT 
Request URL: https://rahulshettyacademy.com/maps/api/place/update/json?key=qaclick123 

Response code: 200Response text: {"msg":"Address successfully updated"}Response headers: {'Date': 'Fri, 16 Jun 2023 13:29:05 GMT', 'Server': 'Apache/2.4.52 (Ubuntu)', 'Access-Control-Allow-Origin': '*', 'Access-Control-Allow-Methods': 'POST', 'Access-Control-Max-Age': '3600', 'Access-Control-Allow-Headers': 'Content-Type, Access-Control-Allow-Headers, Authorization, X-Requested-With', 'Content-Length': '38', 'Keep-Alive': 'timeout=5, max=100', 'Connection': 'Keep-Alive', 'Content-Type': 'application/json;charset=UTF-8'}Response cookies: {}
-----

-----
Test: None 
Time: 2023-06-16 18:29:06.967857 
Request method: GET 
Request URL: https://rahulshettyacademy.com/maps/api/place/get/json?key=qaclick123&place_id=a45f1a65196c54c0b7dc678c08e2dc54 

Response code: 200Response text: {"location":{"latitude":"-38.383494","longitude":"33.427362"},"accuracy":"50","name":"Frontline house","phone_number":"(+91) 983 893 3937","address":"100 Lenina street, RU","types":"shoe park,shop","website":"http:\/\/google.com","language":"French-IN"}Response headers: {'Date': 'Fri, 16 Jun 2023 13:29:06 GMT', 'Server': 'Apache/2.4.52 (Ubuntu)', 'Access-Control-Allow-Origin': '*', 'Access-Control-Allow-Methods': 'POST', 'Access-Control-Max-Age': '3600', 'Access-Control-Allow-Headers': 'Content-Type, Access-Control-Allow-Headers, Authorization, X-Requested-With', 'Content-Length': '253', 'Keep-Alive': 'timeout=5, max=100', 'Connection': 'Keep-Alive', 'Content-Type': 'application/json;charset=UTF-8'}Response cookies: {}
-----

-----
Test: None 
Time: 2023-06-16 18:29:07.673371 
Request method: PUT 
Request URL: https://rahulshettyacademy.com/maps/api/place/delete/json?key=qaclick123 

Response code: 200Response text: {"status":"OK"}Response headers: {'Date': 'Fri, 16 Jun 2023 13:29:06 GMT', 'Server': 'Apache/2.4.52 (Ubuntu)', 'Access-Control-Allow-Origin': '*', 'Access-Control-Allow-Methods': 'POST', 'Access-Control-Max-Age': '3600', 'Access-Control-Allow-Headers': 'Content-Type, Access-Control-Allow-Headers, Authorization, X-Requested-With', 'Content-Length': '15', 'Keep-Alive': 'timeout=5, max=100', 'Connection': 'Keep-Alive', 'Content-Type': 'application/json;charset=UTF-8'}Response cookies: {}
-----

-----
Test: None 
Time: 2023-06-16 18:29:08.405841 
Request method: GET 
Request URL: https://rahulshettyacademy.com/maps/api/place/get/json?key=qaclick123&place_id=a45f1a65196c54c0b7dc678c08e2dc54 

Response code: 404Response text: {"msg":"Get operation failed, looks like place_id  doesn't exists"}Response headers: {'Date': 'Fri, 16 Jun 2023 13:29:07 GMT', 'Server': 'Apache/2.4.52 (Ubuntu)', 'Access-Control-Allow-Origin': '*', 'Access-Control-Allow-Methods': 'POST', 'Access-Control-Max-Age': '3600', 'Access-Control-Allow-Headers': 'Content-Type, Access-Control-Allow-Headers, Authorization, X-Requested-With', 'Content-Length': '67', 'Keep-Alive': 'timeout=5, max=100', 'Connection': 'Keep-Alive', 'Content-Type': 'application/json;charset=UTF-8'}Response cookies: {}
-----
